<?xml version="1.0" encoding="UTF-8"?>
<testsuite name="cl.ucn.disc.pdbp.tdd.model.ModelTest" tests="3" skipped="0" failures="0" errors="0" timestamp="2020-05-07T04:53:22" hostname="ignacio-HP-Notebook" time="0.129">
  <properties/>
  <testcase name="testEmail()" classname="cl.ucn.disc.pdbp.tdd.model.ModelTest" time="0.101"/>
  <testcase name="testDigitoVerificador()" classname="cl.ucn.disc.pdbp.tdd.model.ModelTest" time="0.091"/>
  <testcase name="testPersona()" classname="cl.ucn.disc.pdbp.tdd.model.ModelTest" time="0.136"/>
  <system-out><![CDATA[00:53:22.984 [ForkJoinPool-1-worker-3] DEBUG cl.ucn.disc.pdbp.tdd.model.ModelTest - .. nullity ..
00:53:22.998 [ForkJoinPool-1-worker-3] DEBUG cl.ucn.disc.pdbp.tdd.model.ModelTest - .. rut ..
00:53:23.002 [ForkJoinPool-1-worker-3] DEBUG cl.ucn.disc.pdbp.tdd.model.ModelTest - Done.
]]></system-out>
  <system-err><![CDATA[may. 07, 2020 12:53:22 A.Â M. org.junit.jupiter.engine.config.EnumConfigurationParameterConverter get
INFO: Using parallel execution mode 'CONCURRENT' set via the 'junit.jupiter.execution.parallel.mode.default' configuration parameter.
]]></system-err>
</testsuite>
